  Birds.cpp
  BoxPhysics.cpp
  Game.cpp
d:\uni\abirds\abirds-master\abirds-master\codereviewphase1\box2ddemo\game.cpp(238): warning C4244: 'argument': conversion from 'int' to 'float', possible loss of data
d:\uni\abirds\abirds-master\abirds-master\codereviewphase1\box2ddemo\game.cpp(262): warning C4244: 'argument': conversion from 'int' to 'float', possible loss of data
d:\uni\abirds\abirds-master\abirds-master\codereviewphase1\box2ddemo\game.cpp(272): warning C4244: 'argument': conversion from 'int' to 'float', possible loss of data
d:\uni\abirds\abirds-master\abirds-master\codereviewphase1\box2ddemo\game.cpp(277): warning C4244: 'argument': conversion from 'int' to 'float', possible loss of data
d:\uni\abirds\abirds-master\abirds-master\codereviewphase1\box2ddemo\game.cpp(457): warning C4267: '=': conversion from 'size_t' to 'int', possible loss of data
d:\uni\abirds\abirds-master\abirds-master\codereviewphase1\box2ddemo\game.cpp(458): warning C4267: '=': conversion from 'size_t' to 'int', possible loss of data
  main.cpp
  CSDL_Setup.cpp
  myContactListener.cpp
  Pigs.cpp
  PigWalls.cpp
  Sprite.cpp
d:\uni\abirds\abirds-master\abirds-master\codereviewphase1\box2ddemo\sprite.cpp(84): warning C4244: '=': conversion from 'float32' to 'int', possible loss of data
d:\uni\abirds\abirds-master\abirds-master\codereviewphase1\box2ddemo\sprite.cpp(85): warning C4244: '=': conversion from 'float32' to 'int', possible loss of data
d:\uni\abirds\abirds-master\abirds-master\codereviewphase1\box2ddemo\sprite.cpp(94): warning C4244: '=': conversion from 'float32' to 'int', possible loss of data
d:\uni\abirds\abirds-master\abirds-master\codereviewphase1\box2ddemo\sprite.cpp(95): warning C4244: '=': conversion from 'float32' to 'int', possible loss of data
d:\uni\abirds\abirds-master\abirds-master\codereviewphase1\box2ddemo\sprite.cpp(104): warning C4244: '=': conversion from 'float32' to 'int', possible loss of data
d:\uni\abirds\abirds-master\abirds-master\codereviewphase1\box2ddemo\sprite.cpp(105): warning C4244: '=': conversion from 'float32' to 'int', possible loss of data
d:\uni\abirds\abirds-master\abirds-master\codereviewphase1\box2ddemo\sprite.cpp(136): warning C4244: '=': conversion from 'double' to 'int', possible loss of data
d:\uni\abirds\abirds-master\abirds-master\codereviewphase1\box2ddemo\sprite.cpp(139): warning C4244: '=': conversion from 'float32' to 'int', possible loss of data
d:\uni\abirds\abirds-master\abirds-master\codereviewphase1\box2ddemo\sprite.cpp(140): warning C4244: '=': conversion from 'float32' to 'int', possible loss of data
d:\uni\abirds\abirds-master\abirds-master\codereviewphase1\box2ddemo\sprite.cpp(143): warning C4244: '=': conversion from 'float32' to 'int', possible loss of data
d:\uni\abirds\abirds-master\abirds-master\codereviewphase1\box2ddemo\sprite.cpp(144): warning C4244: '=': conversion from 'float32' to 'int', possible loss of data
  Generating Code...
Box2D.lib(b2ChainShape.obj) : warning LNK4099: PDB 'Box2D.pdb' was not found with 'Box2D.lib(b2ChainShape.obj)' or at 'D:\Uni\ABirds\ABirds-master\ABirds-master\CodeReviewPhase1\x64\Debug\Box2D.pdb'; linking object as if no debug info
Box2D.lib(b2CircleShape.obj) : warning LNK4099: PDB 'Box2D.pdb' was not found with 'Box2D.lib(b2CircleShape.obj)' or at 'D:\Uni\ABirds\ABirds-master\ABirds-master\CodeReviewPhase1\x64\Debug\Box2D.pdb'; linking object as if no debug info
Box2D.lib(b2EdgeShape.obj) : warning LNK4099: PDB 'Box2D.pdb' was not found with 'Box2D.lib(b2EdgeShape.obj)' or at 'D:\Uni\ABirds\ABirds-master\ABirds-master\CodeReviewPhase1\x64\Debug\Box2D.pdb'; linking object as if no debug info
Box2D.lib(b2PolygonShape.obj) : warning LNK4099: PDB 'Box2D.pdb' was not found with 'Box2D.lib(b2PolygonShape.obj)' or at 'D:\Uni\ABirds\ABirds-master\ABirds-master\CodeReviewPhase1\x64\Debug\Box2D.pdb'; linking object as if no debug info
Box2D.lib(b2BroadPhase.obj) : warning LNK4099: PDB 'Box2D.pdb' was not found with 'Box2D.lib(b2BroadPhase.obj)' or at 'D:\Uni\ABirds\ABirds-master\ABirds-master\CodeReviewPhase1\x64\Debug\Box2D.pdb'; linking object as if no debug info
Box2D.lib(b2CollideCircle.obj) : warning LNK4099: PDB 'Box2D.pdb' was not found with 'Box2D.lib(b2CollideCircle.obj)' or at 'D:\Uni\ABirds\ABirds-master\ABirds-master\CodeReviewPhase1\x64\Debug\Box2D.pdb'; linking object as if no debug info
Box2D.lib(b2CollideEdge.obj) : warning LNK4099: PDB 'Box2D.pdb' was not found with 'Box2D.lib(b2CollideEdge.obj)' or at 'D:\Uni\ABirds\ABirds-master\ABirds-master\CodeReviewPhase1\x64\Debug\Box2D.pdb'; linking object as if no debug info
Box2D.lib(b2CollidePolygon.obj) : warning LNK4099: PDB 'Box2D.pdb' was not found with 'Box2D.lib(b2CollidePolygon.obj)' or at 'D:\Uni\ABirds\ABirds-master\ABirds-master\CodeReviewPhase1\x64\Debug\Box2D.pdb'; linking object as if no debug info
Box2D.lib(b2Collision.obj) : warning LNK4099: PDB 'Box2D.pdb' was not found with 'Box2D.lib(b2Collision.obj)' or at 'D:\Uni\ABirds\ABirds-master\ABirds-master\CodeReviewPhase1\x64\Debug\Box2D.pdb'; linking object as if no debug info
Box2D.lib(b2Distance.obj) : warning LNK4099: PDB 'Box2D.pdb' was not found with 'Box2D.lib(b2Distance.obj)' or at 'D:\Uni\ABirds\ABirds-master\ABirds-master\CodeReviewPhase1\x64\Debug\Box2D.pdb'; linking object as if no debug info
Box2D.lib(b2DynamicTree.obj) : warning LNK4099: PDB 'Box2D.pdb' was not found with 'Box2D.lib(b2DynamicTree.obj)' or at 'D:\Uni\ABirds\ABirds-master\ABirds-master\CodeReviewPhase1\x64\Debug\Box2D.pdb'; linking object as if no debug info
Box2D.lib(b2TimeOfImpact.obj) : warning LNK4099: PDB 'Box2D.pdb' was not found with 'Box2D.lib(b2TimeOfImpact.obj)' or at 'D:\Uni\ABirds\ABirds-master\ABirds-master\CodeReviewPhase1\x64\Debug\Box2D.pdb'; linking object as if no debug info
Box2D.lib(b2BlockAllocator.obj) : warning LNK4099: PDB 'Box2D.pdb' was not found with 'Box2D.lib(b2BlockAllocator.obj)' or at 'D:\Uni\ABirds\ABirds-master\ABirds-master\CodeReviewPhase1\x64\Debug\Box2D.pdb'; linking object as if no debug info
Box2D.lib(b2Draw.obj) : warning LNK4099: PDB 'Box2D.pdb' was not found with 'Box2D.lib(b2Draw.obj)' or at 'D:\Uni\ABirds\ABirds-master\ABirds-master\CodeReviewPhase1\x64\Debug\Box2D.pdb'; linking object as if no debug info
Box2D.lib(b2Math.obj) : warning LNK4099: PDB 'Box2D.pdb' was not found with 'Box2D.lib(b2Math.obj)' or at 'D:\Uni\ABirds\ABirds-master\ABirds-master\CodeReviewPhase1\x64\Debug\Box2D.pdb'; linking object as if no debug info
Box2D.lib(b2Settings.obj) : warning LNK4099: PDB 'Box2D.pdb' was not found with 'Box2D.lib(b2Settings.obj)' or at 'D:\Uni\ABirds\ABirds-master\ABirds-master\CodeReviewPhase1\x64\Debug\Box2D.pdb'; linking object as if no debug info
Box2D.lib(b2StackAllocator.obj) : warning LNK4099: PDB 'Box2D.pdb' was not found with 'Box2D.lib(b2StackAllocator.obj)' or at 'D:\Uni\ABirds\ABirds-master\ABirds-master\CodeReviewPhase1\x64\Debug\Box2D.pdb'; linking object as if no debug info
Box2D.lib(b2Timer.obj) : warning LNK4099: PDB 'Box2D.pdb' was not found with 'Box2D.lib(b2Timer.obj)' or at 'D:\Uni\ABirds\ABirds-master\ABirds-master\CodeReviewPhase1\x64\Debug\Box2D.pdb'; linking object as if no debug info
Box2D.lib(b2ChainAndCircleContact.obj) : warning LNK4099: PDB 'Box2D.pdb' was not found with 'Box2D.lib(b2ChainAndCircleContact.obj)' or at 'D:\Uni\ABirds\ABirds-master\ABirds-master\CodeReviewPhase1\x64\Debug\Box2D.pdb'; linking object as if no debug info
Box2D.lib(b2ChainAndPolygonContact.obj) : warning LNK4099: PDB 'Box2D.pdb' was not found with 'Box2D.lib(b2ChainAndPolygonContact.obj)' or at 'D:\Uni\ABirds\ABirds-master\ABirds-master\CodeReviewPhase1\x64\Debug\Box2D.pdb'; linking object as if no debug info
Box2D.lib(b2CircleContact.obj) : warning LNK4099: PDB 'Box2D.pdb' was not found with 'Box2D.lib(b2CircleContact.obj)' or at 'D:\Uni\ABirds\ABirds-master\ABirds-master\CodeReviewPhase1\x64\Debug\Box2D.pdb'; linking object as if no debug info
Box2D.lib(b2Contact.obj) : warning LNK4099: PDB 'Box2D.pdb' was not found with 'Box2D.lib(b2Contact.obj)' or at 'D:\Uni\ABirds\ABirds-master\ABirds-master\CodeReviewPhase1\x64\Debug\Box2D.pdb'; linking object as if no debug info
Box2D.lib(b2ContactSolver.obj) : warning LNK4099: PDB 'Box2D.pdb' was not found with 'Box2D.lib(b2ContactSolver.obj)' or at 'D:\Uni\ABirds\ABirds-master\ABirds-master\CodeReviewPhase1\x64\Debug\Box2D.pdb'; linking object as if no debug info
Box2D.lib(b2EdgeAndCircleContact.obj) : warning LNK4099: PDB 'Box2D.pdb' was not found with 'Box2D.lib(b2EdgeAndCircleContact.obj)' or at 'D:\Uni\ABirds\ABirds-master\ABirds-master\CodeReviewPhase1\x64\Debug\Box2D.pdb'; linking object as if no debug info
Box2D.lib(b2EdgeAndPolygonContact.obj) : warning LNK4099: PDB 'Box2D.pdb' was not found with 'Box2D.lib(b2EdgeAndPolygonContact.obj)' or at 'D:\Uni\ABirds\ABirds-master\ABirds-master\CodeReviewPhase1\x64\Debug\Box2D.pdb'; linking object as if no debug info
Box2D.lib(b2PolygonAndCircleContact.obj) : warning LNK4099: PDB 'Box2D.pdb' was not found with 'Box2D.lib(b2PolygonAndCircleContact.obj)' or at 'D:\Uni\ABirds\ABirds-master\ABirds-master\CodeReviewPhase1\x64\Debug\Box2D.pdb'; linking object as if no debug info
Box2D.lib(b2PolygonContact.obj) : warning LNK4099: PDB 'Box2D.pdb' was not found with 'Box2D.lib(b2PolygonContact.obj)' or at 'D:\Uni\ABirds\ABirds-master\ABirds-master\CodeReviewPhase1\x64\Debug\Box2D.pdb'; linking object as if no debug info
Box2D.lib(b2DistanceJoint.obj) : warning LNK4099: PDB 'Box2D.pdb' was not found with 'Box2D.lib(b2DistanceJoint.obj)' or at 'D:\Uni\ABirds\ABirds-master\ABirds-master\CodeReviewPhase1\x64\Debug\Box2D.pdb'; linking object as if no debug info
Box2D.lib(b2FrictionJoint.obj) : warning LNK4099: PDB 'Box2D.pdb' was not found with 'Box2D.lib(b2FrictionJoint.obj)' or at 'D:\Uni\ABirds\ABirds-master\ABirds-master\CodeReviewPhase1\x64\Debug\Box2D.pdb'; linking object as if no debug info
Box2D.lib(b2GearJoint.obj) : warning LNK4099: PDB 'Box2D.pdb' was not found with 'Box2D.lib(b2GearJoint.obj)' or at 'D:\Uni\ABirds\ABirds-master\ABirds-master\CodeReviewPhase1\x64\Debug\Box2D.pdb'; linking object as if no debug info
Box2D.lib(b2Joint.obj) : warning LNK4099: PDB 'Box2D.pdb' was not found with 'Box2D.lib(b2Joint.obj)' or at 'D:\Uni\ABirds\ABirds-master\ABirds-master\CodeReviewPhase1\x64\Debug\Box2D.pdb'; linking object as if no debug info
Box2D.lib(b2MotorJoint.obj) : warning LNK4099: PDB 'Box2D.pdb' was not found with 'Box2D.lib(b2MotorJoint.obj)' or at 'D:\Uni\ABirds\ABirds-master\ABirds-master\CodeReviewPhase1\x64\Debug\Box2D.pdb'; linking object as if no debug info
Box2D.lib(b2MouseJoint.obj) : warning LNK4099: PDB 'Box2D.pdb' was not found with 'Box2D.lib(b2MouseJoint.obj)' or at 'D:\Uni\ABirds\ABirds-master\ABirds-master\CodeReviewPhase1\x64\Debug\Box2D.pdb'; linking object as if no debug info
Box2D.lib(b2PrismaticJoint.obj) : warning LNK4099: PDB 'Box2D.pdb' was not found with 'Box2D.lib(b2PrismaticJoint.obj)' or at 'D:\Uni\ABirds\ABirds-master\ABirds-master\CodeReviewPhase1\x64\Debug\Box2D.pdb'; linking object as if no debug info
Box2D.lib(b2PulleyJoint.obj) : warning LNK4099: PDB 'Box2D.pdb' was not found with 'Box2D.lib(b2PulleyJoint.obj)' or at 'D:\Uni\ABirds\ABirds-master\ABirds-master\CodeReviewPhase1\x64\Debug\Box2D.pdb'; linking object as if no debug info
Box2D.lib(b2RevoluteJoint.obj) : warning LNK4099: PDB 'Box2D.pdb' was not found with 'Box2D.lib(b2RevoluteJoint.obj)' or at 'D:\Uni\ABirds\ABirds-master\ABirds-master\CodeReviewPhase1\x64\Debug\Box2D.pdb'; linking object as if no debug info
Box2D.lib(b2RopeJoint.obj) : warning LNK4099: PDB 'Box2D.pdb' was not found with 'Box2D.lib(b2RopeJoint.obj)' or at 'D:\Uni\ABirds\ABirds-master\ABirds-master\CodeReviewPhase1\x64\Debug\Box2D.pdb'; linking object as if no debug info
Box2D.lib(b2WeldJoint.obj) : warning LNK4099: PDB 'Box2D.pdb' was not found with 'Box2D.lib(b2WeldJoint.obj)' or at 'D:\Uni\ABirds\ABirds-master\ABirds-master\CodeReviewPhase1\x64\Debug\Box2D.pdb'; linking object as if no debug info
Box2D.lib(b2WheelJoint.obj) : warning LNK4099: PDB 'Box2D.pdb' was not found with 'Box2D.lib(b2WheelJoint.obj)' or at 'D:\Uni\ABirds\ABirds-master\ABirds-master\CodeReviewPhase1\x64\Debug\Box2D.pdb'; linking object as if no debug info
Box2D.lib(b2Body.obj) : warning LNK4099: PDB 'Box2D.pdb' was not found with 'Box2D.lib(b2Body.obj)' or at 'D:\Uni\ABirds\ABirds-master\ABirds-master\CodeReviewPhase1\x64\Debug\Box2D.pdb'; linking object as if no debug info
Box2D.lib(b2ContactManager.obj) : warning LNK4099: PDB 'Box2D.pdb' was not found with 'Box2D.lib(b2ContactManager.obj)' or at 'D:\Uni\ABirds\ABirds-master\ABirds-master\CodeReviewPhase1\x64\Debug\Box2D.pdb'; linking object as if no debug info
Box2D.lib(b2Fixture.obj) : warning LNK4099: PDB 'Box2D.pdb' was not found with 'Box2D.lib(b2Fixture.obj)' or at 'D:\Uni\ABirds\ABirds-master\ABirds-master\CodeReviewPhase1\x64\Debug\Box2D.pdb'; linking object as if no debug info
Box2D.lib(b2Island.obj) : warning LNK4099: PDB 'Box2D.pdb' was not found with 'Box2D.lib(b2Island.obj)' or at 'D:\Uni\ABirds\ABirds-master\ABirds-master\CodeReviewPhase1\x64\Debug\Box2D.pdb'; linking object as if no debug info
Box2D.lib(b2World.obj) : warning LNK4099: PDB 'Box2D.pdb' was not found with 'Box2D.lib(b2World.obj)' or at 'D:\Uni\ABirds\ABirds-master\ABirds-master\CodeReviewPhase1\x64\Debug\Box2D.pdb'; linking object as if no debug info
Box2D.lib(b2WorldCallbacks.obj) : warning LNK4099: PDB 'Box2D.pdb' was not found with 'Box2D.lib(b2WorldCallbacks.obj)' or at 'D:\Uni\ABirds\ABirds-master\ABirds-master\CodeReviewPhase1\x64\Debug\Box2D.pdb'; linking object as if no debug info
  Box2dDemo.vcxproj -> D:\Uni\ABirds\ABirds-master\ABirds-master\CodeReviewPhase1\x64\Debug\Box2dDemo.exe
